<?xml version="1.0" encoding="UTF-8"?>
<!-- Generated by org.testng.reporters.JUnitXMLReporter -->
<testsuite hostname="Nikunj-PC" name="Command line test" tests="2" failures="0" timestamp="5 Mar 2016 11:32:26 GMT" time="0.076" errors="0">
  <testcase name="@BeforeTest f" time="0.0" classname="Interview.toolSqa.DataProviderTest">
    <failure type="org.testng.TestNGException" message="
Method f requires 2 parameters but 0 were supplied in the @Configuration annotation.">
      <![CDATA[org.testng.TestNGException: 
Method f requires 2 parameters but 0 were supplied in the @Configuration annotation.
... Removed 30 stack frames]]>
    </failure>
  </testcase> <!-- @BeforeTest f -->
  <testcase name="B" time="0.013" classname="Interview.toolSqa.DataProviderTest">
    <skipped/>
  </testcase> <!-- B -->
  <testcase name="f" time="0.003" classname="Interview.toolSqa.DataProviderTest">
    <skipped/>
  </testcase> <!-- f -->
</testsuite> <!-- Command line test -->
