<?xml version="1.0" encoding="UTF-8"?>
<testng-results skipped="0" failed="0" total="1" passed="1">
  <reporter-output>
  </reporter-output>
  <suite name="Command line suite" duration-ms="24" started-at="2016-03-05T11:32:27Z" finished-at="2016-03-05T11:32:27Z">
    <groups>
    </groups>
    <test name="Command line test" duration-ms="24" started-at="2016-03-05T11:32:27Z" finished-at="2016-03-05T11:32:27Z">
      <class name="Interview.toolSqa.AppTest">
        <test-method status="PASS" signature="testApp()[pri:0, instance:testApp(Interview.toolSqa.AppTest)]" name="testApp" duration-ms="4" started-at="2016-03-05T17:02:27Z" finished-at="2016-03-05T17:02:27Z">
          <reporter-output>
          </reporter-output>
        </test-method> <!-- testApp -->
      </class> <!-- Interview.toolSqa.AppTest -->
    </test> <!-- Command line test -->
  </suite> <!-- Command line suite -->
</testng-results>
