<?xml version="1.0" encoding="UTF-8"?>
<testng-results skipped="0" failed="0" total="1" passed="1">
  <reporter-output>
  </reporter-output>
  <suite name="Default suite" duration-ms="47" started-at="2016-03-05T15:59:03Z" finished-at="2016-03-05T15:59:03Z">
    <groups>
    </groups>
    <test name="Default test" duration-ms="47" started-at="2016-03-05T15:59:03Z" finished-at="2016-03-05T15:59:03Z">
      <class name="Interview.toolSqa.NewTest">
        <test-method status="PASS" signature="beforeMethod()[pri:0, instance:Interview.toolSqa.NewTest@47f37ef1]" name="beforeMethod" is-config="true" duration-ms="15" started-at="2016-03-05T21:29:03Z" finished-at="2016-03-05T21:29:03Z">
          <reporter-output>
          </reporter-output>
        </test-method> <!-- beforeMethod -->
        <test-method status="PASS" signature="BA()[pri:0, instance:Interview.toolSqa.NewTest@47f37ef1]" name="BA" duration-ms="6" started-at="2016-03-05T21:29:03Z" finished-at="2016-03-05T21:29:03Z">
          <reporter-output>
          </reporter-output>
        </test-method> <!-- BA -->
        <test-method status="PASS" signature="afterMethod()[pri:0, instance:Interview.toolSqa.NewTest@47f37ef1]" name="afterMethod" is-config="true" duration-ms="2" started-at="2016-03-05T21:29:03Z" finished-at="2016-03-05T21:29:03Z">
          <reporter-output>
          </reporter-output>
        </test-method> <!-- afterMethod -->
      </class> <!-- Interview.toolSqa.NewTest -->
    </test> <!-- Default test -->
  </suite> <!-- Default suite -->
</testng-results>
